#
# There is insufficient memory for the Java Runtime Environment to continue.
# Native memory allocation (mmap) failed to map 266338304 bytes. Error detail: G1 virtual space
# Possible reasons:
#   The system is out of physical RAM or swap space
#   This process is running with CompressedOops enabled, and the Java Heap may be blocking the growth of the native heap
# Possible solutions:
#   Reduce memory load on the system
#   Increase physical memory or swap space
#   Check if swap backing store is full
#   Decrease Java heap size (-Xmx/-Xms)
#   Decrease number of Java threads
#   Decrease Java thread stack sizes (-Xss)
#   Set larger code cache with -XX:ReservedCodeCacheSize=
#   JVM is running with Zero Based Compressed Oops mode in which the Java heap is
#     placed in the first 32GB address space. The Java Heap base address is the
#     maximum limit for the native heap growth. Please use -XX:HeapBaseMinAddress
#     to set the Java Heap base and to place the Java Heap above 32GB virtual address.
# This output file may be truncated or incomplete.
#
#  Out of Memory Error (os_windows.cpp:3613), pid=23956, tid=18612
#
# JRE version:  (17.0.11+9) (build )
# Java VM: OpenJDK 64-Bit Server VM (17.0.11+9, mixed mode, sharing, tiered, compressed oops, compressed class ptrs, g1 gc, windows-amd64)
# No core dump will be written. Minidumps are not enabled by default on client versions of Windows
#

---------------  S U M M A R Y ------------

Command Line: --module-path=C:\Program Files\Java\javafx-sdk-22\lib --add-modules=javafx.controls,javafx.fxml -Dfile.encoding=UTF-8 -Dstdout.encoding=UTF-8 -Dstderr.encoding=UTF-8 --module-path=C:\Users\PLPASIG\javaproj1\bin;C:\Program Files\Java\javafx-sdk-22\lib\javafx-swt.jar;C:\Program Files\Java\javafx-sdk-22\lib\javafx.base.jar;C:\Program Files\Java\javafx-sdk-22\lib\javafx.controls.jar;C:\Program Files\Java\javafx-sdk-22\lib\javafx.fxml.jar;C:\Program Files\Java\javafx-sdk-22\lib\javafx.graphics.jar;C:\Program Files\Java\javafx-sdk-22\lib\javafx.media.jar;C:\Program Files\Java\javafx-sdk-22\lib\javafx.swing.jar;C:\Program Files\Java\javafx-sdk-22\lib\javafx.web.jar;C:\Users\PLPASIG\.p2\pool\plugins\org.eclipse.fx.ide.css.jfx8_3.10.0.202303150700.jar;C:\Users\PLPASIG\javafx-sdk-22.0.1\lib\javafx.base.jar;C:\Users\PLPASIG\javafx-sdk-22.0.1\lib\javafx.controls.jar;C:\Users\PLPASIG\javafx-sdk-22.0.1\lib\javafx.fxml.jar;C:\Users\PLPASIG\javafx-sdk-22.0.1\lib\javafx.graphics.jar;C:\Users\PLPASIG\javafx-sdk-22.0.1\lib\javafx.media.jar;C:\Users\PLPASIG\javafx-sdk-22.0.1\lib\javafx.swing.jar;C:\Users\PLPASIG\javafx-sdk-22.0.1\lib\javafx.web.jar;C:\Users\PLPASIG\javafx-sdk-22.0.1\lib\javafx-swt.jar -XX:+ShowCodeDetailsInExceptionMessages -Djdk.module.main=javaproj1 javaproj1/application.Main

Host: 11th Gen Intel(R) Core(TM) i5-1135G7 @ 2.40GHz, 8 cores, 15G,  Windows 11 , 64 bit Build 22621 (10.0.22621.3374)
Time: Sun May 19 14:36:47 2024 China Standard Time elapsed time: 0.012065 seconds (0d 0h 0m 0s)

---------------  T H R E A D  ---------------

Current thread (0x00000215402db7a0):  JavaThread "Unknown thread" [_thread_in_vm, id=18612, stack(0x000000e5d3d00000,0x000000e5d3e00000)]

Stack: [0x000000e5d3d00000,0x000000e5d3e00000]
Native frames: (J=compiled Java code, j=interpreted, Vv=VM code, C=native code)
V  [jvm.dll+0x67d429]
V  [jvm.dll+0x834b7a]
V  [jvm.dll+0x83663e]
V  [jvm.dll+0x836ca3]
V  [jvm.dll+0x247dbf]
V  [jvm.dll+0x67a269]
V  [jvm.dll+0x66ecda]
V  [jvm.dll+0x30797b]
V  [jvm.dll+0x30ee26]
V  [jvm.dll+0x35e80e]
V  [jvm.dll+0x35ea3f]
V  [jvm.dll+0x2de6b8]
V  [jvm.dll+0x2df624]
V  [jvm.dll+0x806531]
V  [jvm.dll+0x36c561]
V  [jvm.dll+0x7e4f56]
V  [jvm.dll+0x3efdcf]
V  [jvm.dll+0x3f1921]
C  [jli.dll+0x528f]
C  [ucrtbase.dll+0x29333]
C  [KERNEL32.DLL+0x1257d]
C  [ntdll.dll+0x5aa48]


---------------  P R O C E S S  ---------------

Threads class SMR info:
_java_thread_list=0x00007ff855bdeed8, length=0, elements={
}

Java Threads: ( => current thread )

Other Threads:
  0x0000021540349300 GCTaskThread "GC Thread#0" [stack: 0x000000e5d3e00000,0x000000e5d3f00000] [id=19424]
  0x000002154035a6c0 ConcurrentGCThread "G1 Main Marker" [stack: 0x000000e5d3f00000,0x000000e5d4000000] [id=24772]
  0x000002154035b0e0 ConcurrentGCThread "G1 Conc#0" [stack: 0x000000e5d4000000,0x000000e5d4100000] [id=10028]

[error occurred during error reporting (printing all threads), id 0xc0000005, EXCEPTION_ACCESS_VIOLATION (0xc0000005) at pc=0x00007ff85539f0f7]

VM state: not at safepoint (not fully initialized)

VM Mutex/Monitor currently owned by a thread:  ([mutex/lock_event])
[0x00000215402d5e30] Heap_lock - owner thread: 0x00000215402db7a0

Heap address: 0x0000000703200000, size: 4046 MB, Compressed Oops mode: Zero based, Oop shift amount: 3

CDS archive(s) mapped at: [0x0000000000000000-0x0000000000000000-0x0000000000000000), size 0, SharedBaseAddress: 0x0000000800000000, ArchiveRelocationMode: 1.
Narrow klass base: 0x0000000000000000, Narrow klass shift: 0, Narrow klass range: 0x0

GC Precious Log:
<Empty>

Heap:
 garbage-first heap   total 0K, used 0K [0x0000000703200000, 0x0000000800000000)
  region size 2048K, 0 young (0K), 0 survivors (0K)

[error occurred during error reporting (printing heap information), id 0xc0000005, EXCEPTION_ACCESS_VIOLATION (0xc0000005) at pc=0x00007ff8557870c9]

GC Heap History (0 events):
No events

Dll operation events (1 events):
Event: 0.007 Loaded shared library C:\Users\PLPASIG\.p2\pool\plugins\org.eclipse.justj.openjdk.hotspot.jre.full.win32.x86_64_17.0.11.v20240426-1830\jre\bin\java.dll

Deoptimization events (0 events):
No events

Classes unloaded (0 events):
No events

Classes redefined (0 events):
No events

Internal exceptions (0 events):
No events

VM Operations (0 events):
No events

Events (0 events):
No events


Dynamic libraries:
0x00007ff7b05a0000 - 0x00007ff7b05ae000 	C:\Users\PLPASIG\.p2\pool\plugins\org.eclipse.justj.openjdk.hotspot.jre.full.win32.x86_64_17.0.11.v20240426-1830\jre\bin\javaw.exe
0x00007ff8db590000 - 0x00007ff8db7a6000 	C:\WINDOWS\SYSTEM32\ntdll.dll
0x00007ff8dad30000 - 0x00007ff8dadf4000 	C:\WINDOWS\System32\KERNEL32.DLL
0x00007ff8d8ae0000 - 0x00007ff8d8e87000 	C:\WINDOWS\System32\KERNELBASE.dll
0x00007ff8d91a0000 - 0x00007ff8d92b1000 	C:\WINDOWS\System32\ucrtbase.dll
0x00007ff8cfee0000 - 0x00007ff8cfef7000 	C:\Users\PLPASIG\.p2\pool\plugins\org.eclipse.justj.openjdk.hotspot.jre.full.win32.x86_64_17.0.11.v20240426-1830\jre\bin\jli.dll
0x00007ff8bed60000 - 0x00007ff8bed7b000 	C:\Users\PLPASIG\.p2\pool\plugins\org.eclipse.justj.openjdk.hotspot.jre.full.win32.x86_64_17.0.11.v20240426-1830\jre\bin\VCRUNTIME140.dll
0x00007ff8da320000 - 0x00007ff8da4ce000 	C:\WINDOWS\System32\USER32.dll
0x00007ff8d8e90000 - 0x00007ff8d8eb6000 	C:\WINDOWS\System32\win32u.dll
0x00007ff8b8120000 - 0x00007ff8b83b3000 	C:\WINDOWS\WinSxS\amd64_microsoft.windows.common-controls_6595b64144ccf1df_6.0.22621.3235_none_270f74e173860f98\COMCTL32.dll
0x00007ff8d9320000 - 0x00007ff8d9349000 	C:\WINDOWS\System32\GDI32.dll
0x00007ff8da950000 - 0x00007ff8da9f7000 	C:\WINDOWS\System32\msvcrt.dll
0x00007ff8d8f60000 - 0x00007ff8d9079000 	C:\WINDOWS\System32\gdi32full.dll
0x00007ff8d8ec0000 - 0x00007ff8d8f5a000 	C:\WINDOWS\System32\msvcp_win.dll
0x00007ff8d9360000 - 0x00007ff8d9391000 	C:\WINDOWS\System32\IMM32.DLL
0x00007ff8c2810000 - 0x00007ff8c281c000 	C:\Users\PLPASIG\.p2\pool\plugins\org.eclipse.justj.openjdk.hotspot.jre.full.win32.x86_64_17.0.11.v20240426-1830\jre\bin\vcruntime140_1.dll
0x00007ff8a49a0000 - 0x00007ff8a4a2d000 	C:\Users\PLPASIG\.p2\pool\plugins\org.eclipse.justj.openjdk.hotspot.jre.full.win32.x86_64_17.0.11.v20240426-1830\jre\bin\msvcp140.dll
0x00007ff8550b0000 - 0x00007ff855d12000 	C:\Users\PLPASIG\.p2\pool\plugins\org.eclipse.justj.openjdk.hotspot.jre.full.win32.x86_64_17.0.11.v20240426-1830\jre\bin\server\jvm.dll
0x00007ff8daa00000 - 0x00007ff8daab2000 	C:\WINDOWS\System32\ADVAPI32.dll
0x00007ff8daac0000 - 0x00007ff8dab68000 	C:\WINDOWS\System32\sechost.dll
0x00007ff8d9170000 - 0x00007ff8d9198000 	C:\WINDOWS\System32\bcrypt.dll
0x00007ff8da4d0000 - 0x00007ff8da5e5000 	C:\WINDOWS\System32\RPCRT4.dll
0x00007ff8b6790000 - 0x00007ff8b6799000 	C:\WINDOWS\SYSTEM32\WSOCK32.dll
0x00007ff8d7710000 - 0x00007ff8d775d000 	C:\WINDOWS\SYSTEM32\POWRPROF.dll
0x00007ff8db360000 - 0x00007ff8db3d1000 	C:\WINDOWS\System32\WS2_32.dll
0x00007ff8c5820000 - 0x00007ff8c582a000 	C:\WINDOWS\SYSTEM32\VERSION.dll
0x00007ff8cfde0000 - 0x00007ff8cfe14000 	C:\WINDOWS\SYSTEM32\WINMM.dll
0x00007ff8d76f0000 - 0x00007ff8d7703000 	C:\WINDOWS\SYSTEM32\UMPDC.dll
0x00007ff8d7940000 - 0x00007ff8d7958000 	C:\WINDOWS\SYSTEM32\kernel.appcore.dll
0x00007ff8bff20000 - 0x00007ff8bff2a000 	C:\Users\PLPASIG\.p2\pool\plugins\org.eclipse.justj.openjdk.hotspot.jre.full.win32.x86_64_17.0.11.v20240426-1830\jre\bin\jimage.dll
0x00007ff8d5d10000 - 0x00007ff8d5f43000 	C:\WINDOWS\SYSTEM32\DBGHELP.DLL
0x00007ff8d9ed0000 - 0x00007ff8da258000 	C:\WINDOWS\System32\combase.dll
0x00007ff8da750000 - 0x00007ff8da827000 	C:\WINDOWS\System32\OLEAUT32.dll
0x00007ff8aa830000 - 0x00007ff8aa862000 	C:\WINDOWS\SYSTEM32\dbgcore.DLL
0x00007ff8d90f0000 - 0x00007ff8d9169000 	C:\WINDOWS\System32\bcryptPrimitives.dll
0x00007ff8bed30000 - 0x00007ff8bed55000 	C:\Users\PLPASIG\.p2\pool\plugins\org.eclipse.justj.openjdk.hotspot.jre.full.win32.x86_64_17.0.11.v20240426-1830\jre\bin\java.dll

dbghelp: loaded successfully - version: 4.0.5 - missing functions: none
symbol engine: initialized successfully - sym options: 0x614 - pdb path: .;C:\Users\PLPASIG\.p2\pool\plugins\org.eclipse.justj.openjdk.hotspot.jre.full.win32.x86_64_17.0.11.v20240426-1830\jre\bin;C:\WINDOWS\SYSTEM32;C:\WINDOWS\WinSxS\amd64_microsoft.windows.common-controls_6595b64144ccf1df_6.0.22621.3235_none_270f74e173860f98;C:\Users\PLPASIG\.p2\pool\plugins\org.eclipse.justj.openjdk.hotspot.jre.full.win32.x86_64_17.0.11.v20240426-1830\jre\bin\server

VM Arguments:
jvm_args: --module-path=C:\Program Files\Java\javafx-sdk-22\lib --add-modules=javafx.controls,javafx.fxml -Dfile.encoding=UTF-8 -Dstdout.encoding=UTF-8 -Dstderr.encoding=UTF-8 --module-path=C:\Users\PLPASIG\javaproj1\bin;C:\Program Files\Java\javafx-sdk-22\lib\javafx-swt.jar;C:\Program Files\Java\javafx-sdk-22\lib\javafx.base.jar;C:\Program Files\Java\javafx-sdk-22\lib\javafx.controls.jar;C:\Program Files\Java\javafx-sdk-22\lib\javafx.fxml.jar;C:\Program Files\Java\javafx-sdk-22\lib\javafx.graphics.jar;C:\Program Files\Java\javafx-sdk-22\lib\javafx.media.jar;C:\Program Files\Java\javafx-sdk-22\lib\javafx.swing.jar;C:\Program Files\Java\javafx-sdk-22\lib\javafx.web.jar;C:\Users\PLPASIG\.p2\pool\plugins\org.eclipse.fx.ide.css.jfx8_3.10.0.202303150700.jar;C:\Users\PLPASIG\javafx-sdk-22.0.1\lib\javafx.base.jar;C:\Users\PLPASIG\javafx-sdk-22.0.1\lib\javafx.controls.jar;C:\Users\PLPASIG\javafx-sdk-22.0.1\lib\javafx.fxml.jar;C:\Users\PLPASIG\javafx-sdk-22.0.1\lib\javafx.graphics.jar;C:\Users\PLPASIG\javafx-sdk-22.0.1\lib\javafx.media.jar;C:\Users\PLPASIG\javafx-sdk-22.0.1\lib\javafx.swing.jar;C:\Users\PLPASIG\javafx-sdk-22.0.1\lib\javafx.web.jar;C:\Users\PLPASIG\javafx-sdk-22.0.1\lib\javafx-swt.jar -XX:+ShowCodeDetailsInExceptionMessages -Djdk.module.main=javaproj1 
java_command: javaproj1/application.Main
java_class_path (initial): <not set>
Launcher Type: SUN_STANDARD

[Global flags]
     intx CICompilerCount                          = 4                                         {product} {ergonomic}
     uint ConcGCThreads                            = 2                                         {product} {ergonomic}
     uint G1ConcRefinementThreads                  = 8                                         {product} {ergonomic}
   size_t G1HeapRegionSize                         = 2097152                                   {product} {ergonomic}
    uintx GCDrainStackTargetSize                   = 64                                        {product} {ergonomic}
   size_t InitialHeapSize                          = 266338304                                 {product} {ergonomic}
   size_t MarkStackSize                            = 4194304                                   {product} {ergonomic}
   size_t MaxHeapSize                              = 4242538496                                {product} {ergonomic}
   size_t MinHeapDeltaBytes                        = 2097152                                   {product} {ergonomic}
   size_t MinHeapSize                              = 8388608                                   {product} {ergonomic}
    uintx NonNMethodCodeHeapSize                   = 5839372                                {pd product} {ergonomic}
    uintx NonProfiledCodeHeapSize                  = 122909434                              {pd product} {ergonomic}
    uintx ProfiledCodeHeapSize                     = 122909434                              {pd product} {ergonomic}
    uintx ReservedCodeCacheSize                    = 251658240                              {pd product} {ergonomic}
     bool SegmentedCodeCache                       = true                                      {product} {ergonomic}
     bool ShowCodeDetailsInExceptionMessages       = true                                   {manageable} {command line}
   size_t SoftMaxHeapSize                          = 4242538496                             {manageable} {ergonomic}
     bool UseCompressedClassPointers               = true                           {product lp64_product} {ergonomic}
     bool UseCompressedOops                        = true                           {product lp64_product} {ergonomic}
     bool UseG1GC                                  = true                                      {product} {ergonomic}
     bool UseLargePagesIndividualAllocation        = false                                  {pd product} {ergonomic}

Logging:
Log output configuration:
 #0: stdout all=warning uptime,level,tags
 #1: stderr all=off uptime,level,tags

Environment Variables:
PATH=C:/Program Files/Java/jdk-17/bin/server;C:/Program Files/Java/jdk-17/bin;C:\Program Files\Common Files\Oracle\Java\javapath;C:\Windows\system32;C:\Windows;C:\Windows\System32\Wbem;C:\Windows\System32\WindowsPowerShell\v1.0\;C:\Windows\System32\OpenSSH\;C:\Program Files (x86)\NVIDIA Corporation\PhysX\Common;C:\Program Files\NVIDIA Corporation\NVIDIA NvDLISR;C:\WINDOWS\system32;C:\WINDOWS;C:\WINDOWS\System32\Wbem;C:\WINDOWS\System32\WindowsPowerShell\v1.0\;C:\WINDOWS\System32\OpenSSH\;C:\Program Files\Java\jdk-17\bin;C:\Users\PLPASIG\javafx-sdk-22\bin;C:\Program Files\Java\jdk-22\bin;C:\Program Files\Java\jdk-17\bin;C:\Program Files\Java\javafx-sdk-22\bin;C:\Users\PLPASIG\OneDrive\Documents\NetBeansProjects\JavaFXTest1;C:\Users\PLPASIG\AppData\Local\Microsoft\WindowsApps;C:\Users\PLPASIG\AppData\Local\Programs\Microsoft VS Code\bin;C:\Program Files\Java\jdk-17\bin;C:\Users\PLPASIG\javafx-sdk-22\bin;C:\Users\PLPASIG\AppData\Local\GitHubDesktop\bin;C:\Moved\Desktop;
USERNAME=PLPASIG
OS=Windows_NT
PROCESSOR_IDENTIFIER=Intel64 Family 6 Model 140 Stepping 1, GenuineIntel
TMP=C:\Users\PLPASIG\AppData\Local\Temp
TEMP=C:\Users\PLPASIG\AppData\Local\Temp



Periodic native trim disabled


---------------  S Y S T E M  ---------------

OS:
 Windows 11 , 64 bit Build 22621 (10.0.22621.3374)
OS uptime: 10 days 22:34 hours
Hyper-V role detected

CPU: total 8 (initial active 8) (4 cores per cpu, 2 threads per core) family 6 model 140 stepping 1 microcode 0x8a, cx8, cmov, fxsr, ht, mmx, 3dnowpref, sse, sse2, sse3, ssse3, sse4.1, sse4.2, popcnt, lzcnt, tsc, tscinvbit, avx, avx2, aes, erms, clmul, bmi1, bmi2, adx, avx512f, avx512dq, avx512cd, avx512bw, avx512vl, sha, fma, vzeroupper, avx512_vpopcntdq, avx512_vpclmulqdq, avx512_vaes, avx512_vnni, clflush, clflushopt, clwb, avx512_vbmi2, avx512_vbmi, hv
Processor Information for all 8 processors :
  Max Mhz: 2419, Current Mhz: 2419, Mhz Limit: 2419

Memory: 4k page, system-wide physical 16179M (1202M free)
TotalPageFile size 28467M (AvailPageFile size 195M)
current process WorkingSet (physical memory assigned to process): 11M, peak: 11M
current process commit charge ("private bytes"): 60M, peak: 314M

vm_info: OpenJDK 64-Bit Server VM (17.0.11+9) for windows-amd64 JRE (17.0.11+9), built on Apr 17 2024 06:07:48 by "admin" with MS VC++ 16.10 / 16.11 (VS2019)

END.
